TN:
SF:script/BrrUSD.s.sol
FN:9,BrrUSDScript.run
FNDA:0,BrrUSDScript.run
FNF:1
FNH:0
LF:0
LH:0
BRF:0
BRH:0
end_of_record
TN:
SF:src/BrrUSD.sol
FN:79,BrrUSD.initialize
FNDA:2,BrrUSD.initialize
DA:86,1
DA:87,1
DA:88,1
DA:89,1
DA:90,1
DA:91,1
DA:95,1
DA:101,1
FN:108,BrrUSD.name
FNDA:1,BrrUSD.name
DA:109,1
FN:116,BrrUSD.symbol
FNDA:1,BrrUSD.symbol
DA:117,1
FN:124,BrrUSD.asset
FNDA:1,BrrUSD.asset
DA:125,954
FN:132,BrrUSD._underlyingDecimals
FNDA:0,BrrUSD._underlyingDecimals
DA:133,0
FN:144,BrrUSD.convertToShares
FNDA:212,BrrUSD.convertToShares
DA:152,425
FN:163,BrrUSD._deposit
FNDA:212,BrrUSD._deposit
DA:169,212
DA:171,212
FN:181,BrrUSD.deposit
FNDA:102,BrrUSD.deposit
DA:186,102
DA:188,102
DA:190,102
DA:192,102
DA:193,102
DA:195,102
BRDA:195,0,0,1
BRDA:195,0,1,101
DA:197,101
FN:209,BrrUSD.deposit
FNDA:212,BrrUSD.deposit
DA:214,212
BRDA:214,1,0,101
BRDA:214,1,1,111
DA:215,101
DA:217,111
DA:219,111
DA:221,111
DA:228,111
FN:232,BrrUSD.harvest
FNDA:0,BrrUSD.harvest
DA:233,0
DA:235,0
DA:237,0
DA:239,0
BRDA:239,2,0,-
BRDA:239,2,1,-
DA:243,0
DA:249,0
DA:260,0
DA:263,0
BRDA:263,3,0,-
BRDA:263,3,1,-
DA:266,0
DA:268,0
DA:270,0
DA:274,0
DA:281,0
DA:283,0
FN:295,BrrUSD.setCometRewards
FNDA:0,BrrUSD.setCometRewards
DA:299,0
BRDA:299,4,0,-
BRDA:299,4,1,-
DA:300,0
BRDA:300,5,0,-
BRDA:300,5,1,-
DA:302,0
DA:304,0
FN:311,BrrUSD.setRouter
FNDA:0,BrrUSD.setRouter
DA:312,0
BRDA:312,6,0,-
BRDA:312,6,1,-
DA:314,0
DA:318,0
DA:320,0
DA:323,0
DA:325,0
FN:332,BrrUSD.setRewardFee
FNDA:0,BrrUSD.setRewardFee
DA:333,0
BRDA:333,7,0,-
BRDA:333,7,1,-
DA:335,0
DA:337,0
FN:344,BrrUSD.setProtocolFeeReceiver
FNDA:0,BrrUSD.setProtocolFeeReceiver
DA:347,0
BRDA:347,8,0,-
BRDA:347,8,1,-
DA:348,0
DA:350,0
DA:352,0
FN:359,BrrUSD.setFeeDistributor
FNDA:0,BrrUSD.setFeeDistributor
DA:360,0
BRDA:360,9,0,-
BRDA:360,9,1,-
DA:362,0
DA:364,0
FN:371,BrrUSD._authorizeUpgrade
FNDA:0,BrrUSD._authorizeUpgrade
FN:377,BrrUSD.maxMint
FNDA:0,BrrUSD.maxMint
DA:378,0
FN:381,BrrUSD.maxWithdraw
FNDA:0,BrrUSD.maxWithdraw
DA:382,0
FN:385,BrrUSD.previewMint
FNDA:0,BrrUSD.previewMint
DA:386,0
FN:389,BrrUSD.previewWithdraw
FNDA:0,BrrUSD.previewWithdraw
DA:390,0
FN:393,BrrUSD.mint
FNDA:0,BrrUSD.mint
DA:394,0
FN:397,BrrUSD.withdraw
FNDA:0,BrrUSD.withdraw
DA:402,0
FNF:22
FNH:8
LF:68
LH:27
BRF:20
BRH:4
end_of_record
