TN:
SF:script/BrrUSD.s.sol
FN:9,BrrUSDScript.run
FNDA:0,BrrUSDScript.run
FNF:1
FNH:0
LF:0
LH:0
BRF:0
BRH:0
end_of_record
TN:
SF:src/BrrUSD.sol
FN:79,BrrUSD.initialize
FNDA:2,BrrUSD.initialize
DA:86,1
DA:87,1
DA:88,1
DA:89,1
DA:90,1
DA:91,1
DA:95,1
DA:101,1
FN:108,BrrUSD.name
FNDA:1,BrrUSD.name
DA:109,1
FN:116,BrrUSD.symbol
FNDA:1,BrrUSD.symbol
DA:117,1
FN:124,BrrUSD.asset
FNDA:1,BrrUSD.asset
DA:125,1984
FN:132,BrrUSD._underlyingDecimals
FNDA:1,BrrUSD._underlyingDecimals
DA:133,1
FN:144,BrrUSD.convertToShares
FNDA:212,BrrUSD.convertToShares
DA:152,686
FN:163,BrrUSD._deposit
FNDA:473,BrrUSD._deposit
DA:169,473
DA:171,473
FN:181,BrrUSD.deposit
FNDA:262,BrrUSD.deposit
DA:186,262
DA:188,262
DA:190,262
DA:192,262
DA:193,262
DA:195,262
BRDA:195,0,0,1
BRDA:195,0,1,261
DA:197,261
FN:209,BrrUSD.deposit
FNDA:313,BrrUSD.deposit
DA:214,313
BRDA:214,1,0,101
BRDA:214,1,1,212
DA:215,101
DA:217,212
DA:219,212
DA:221,212
DA:228,212
FN:232,BrrUSD.harvest
FNDA:101,BrrUSD.harvest
DA:233,159
DA:235,159
DA:237,159
DA:239,159
BRDA:239,2,0,-
BRDA:239,2,1,159
DA:243,159
DA:249,159
DA:260,159
DA:263,159
BRDA:263,3,0,-
BRDA:263,3,1,159
DA:266,159
DA:268,159
DA:270,159
DA:274,159
DA:281,159
DA:283,159
FN:295,BrrUSD.setCometRewards
FNDA:104,BrrUSD.setCometRewards
DA:299,103
BRDA:299,4,0,1
BRDA:299,4,1,102
DA:300,102
BRDA:300,5,0,58
BRDA:300,5,1,102
DA:302,102
DA:304,102
FN:311,BrrUSD.setRouter
FNDA:103,BrrUSD.setRouter
DA:312,102
BRDA:312,6,0,1
BRDA:312,6,1,101
DA:314,101
DA:318,101
DA:320,101
DA:323,101
DA:325,101
FN:332,BrrUSD.setRewardFee
FNDA:203,BrrUSD.setRewardFee
DA:333,202
BRDA:333,7,0,101
BRDA:333,7,1,101
DA:335,101
DA:337,101
FN:344,BrrUSD.setProtocolFeeReceiver
FNDA:3,BrrUSD.setProtocolFeeReceiver
DA:347,2
BRDA:347,8,0,1
BRDA:347,8,1,1
DA:348,1
DA:350,1
DA:352,1
FN:359,BrrUSD.setFeeDistributor
FNDA:55,BrrUSD.setFeeDistributor
DA:360,54
BRDA:360,9,0,1
BRDA:360,9,1,53
DA:362,53
DA:364,53
FN:371,BrrUSD._authorizeUpgrade
FNDA:0,BrrUSD._authorizeUpgrade
FN:377,BrrUSD.maxMint
FNDA:1,BrrUSD.maxMint
DA:378,1
FN:381,BrrUSD.maxWithdraw
FNDA:1,BrrUSD.maxWithdraw
DA:382,1
FN:385,BrrUSD.previewMint
FNDA:1,BrrUSD.previewMint
DA:386,1
FN:389,BrrUSD.previewWithdraw
FNDA:1,BrrUSD.previewWithdraw
DA:390,1
FN:393,BrrUSD.mint
FNDA:1,BrrUSD.mint
DA:394,1
FN:397,BrrUSD.withdraw
FNDA:1,BrrUSD.withdraw
DA:402,1
FNF:22
FNH:21
LF:68
LH:68
BRF:20
BRH:18
end_of_record
TN:
SF:src/BrrUSDRedeemHelper.sol
FN:30,BrrUSDRedeemHelper.redeem
FNDA:102,BrrUSDRedeemHelper.redeem
DA:32,102
DA:35,102
DA:37,102
DA:39,102
BRDA:39,0,0,1
BRDA:39,0,1,101
DA:41,101
FNF:1
FNH:1
LF:5
LH:5
BRF:2
BRH:2
end_of_record
TN:
SF:test/Helper.sol
FN:60,Helper._getVaultProxyAdmin
FNDA:0,Helper._getVaultProxyAdmin
DA:61,0
FNF:1
FNH:0
LF:1
LH:0
BRF:0
BRH:0
end_of_record
